C:\USERS\RAUNBAK\DROPBOX\BACHELOR\MD-SIM\MOLECULARDYNAMICS\DEBUG\MD-SIM.EXE
C:\USERS\RAUNBAK\DROPBOX\BACHELOR\MD-SIM\MOLECULARDYNAMICS\DEBUG\MD-SIM.PDB
C:\Users\raunbak\Dropbox\BACHELOR\MD-Sim\MolecularDynamics\MolecularDynamics\Debug\cl.command.1.tlog
C:\Users\raunbak\Dropbox\BACHELOR\MD-Sim\MolecularDynamics\MolecularDynamics\Debug\CL.read.1.tlog
C:\Users\raunbak\Dropbox\BACHELOR\MD-Sim\MolecularDynamics\MolecularDynamics\Debug\CL.write.1.tlog
C:\Users\raunbak\Dropbox\BACHELOR\MD-Sim\MolecularDynamics\MolecularDynamics\Debug\cuSource.cu.cache
C:\Users\raunbak\Dropbox\BACHELOR\MD-Sim\MolecularDynamics\MolecularDynamics\Debug\cuSource.cu.obj
C:\USERS\RAUNBAK\DROPBOX\BACHELOR\MD-SIM\MOLECULARDYNAMICS\MOLECULARDYNAMICS\DEBUG\FASTENSEMBLE.OBJ
C:\USERS\RAUNBAK\DROPBOX\BACHELOR\MD-SIM\MOLECULARDYNAMICS\MOLECULARDYNAMICS\DEBUG\FASTION.OBJ
C:\USERS\RAUNBAK\DROPBOX\BACHELOR\MD-SIM\MOLECULARDYNAMICS\MOLECULARDYNAMICS\DEBUG\FORCES.OBJ
C:\USERS\RAUNBAK\DROPBOX\BACHELOR\MD-SIM\MOLECULARDYNAMICS\MOLECULARDYNAMICS\DEBUG\INTEGRATOR.OBJ
C:\Users\raunbak\Dropbox\BACHELOR\MD-Sim\MolecularDynamics\MolecularDynamics\Debug\link.command.1.tlog
C:\Users\raunbak\Dropbox\BACHELOR\MD-Sim\MolecularDynamics\MolecularDynamics\Debug\link.read.1.tlog
C:\Users\raunbak\Dropbox\BACHELOR\MD-Sim\MolecularDynamics\MolecularDynamics\Debug\link.write.1.tlog
C:\USERS\RAUNBAK\DROPBOX\BACHELOR\MD-SIM\MOLECULARDYNAMICS\MOLECULARDYNAMICS\DEBUG\MAIN.OBJ
C:\USERS\RAUNBAK\DROPBOX\BACHELOR\MD-SIM\MOLECULARDYNAMICS\MOLECULARDYNAMICS\DEBUG\MD-SIM.EXE.INTERMEDIATE.MANIFEST
C:\USERS\RAUNBAK\DROPBOX\BACHELOR\MD-SIM\MOLECULARDYNAMICS\MOLECULARDYNAMICS\DEBUG\MD-SIM.PCH
C:\Users\raunbak\Dropbox\BACHELOR\MD-Sim\MolecularDynamics\MolecularDynamics\Debug\MD-sim.write.1.tlog
C:\Users\raunbak\Dropbox\BACHELOR\MD-Sim\MolecularDynamics\MolecularDynamics\Debug\mt.command.1.tlog
C:\Users\raunbak\Dropbox\BACHELOR\MD-Sim\MolecularDynamics\MolecularDynamics\Debug\mt.read.1.tlog
C:\Users\raunbak\Dropbox\BACHELOR\MD-Sim\MolecularDynamics\MolecularDynamics\Debug\mt.write.1.tlog
C:\USERS\RAUNBAK\DROPBOX\BACHELOR\MD-SIM\MOLECULARDYNAMICS\MOLECULARDYNAMICS\DEBUG\STDAFX.OBJ
C:\Users\raunbak\Dropbox\BACHELOR\MD-Sim\MolecularDynamics\MolecularDynamics\Debug\vc100.idb
C:\USERS\RAUNBAK\DROPBOX\BACHELOR\MD-SIM\MOLECULARDYNAMICS\MOLECULARDYNAMICS\DEBUG\VC100.PDB
