C:\USERS\RAUNBAK\DROPBOX\MOLECULARDYNAMICS\MOLECULARDYNAMICS\DEBUG\MOLECULARDYNAMICS.EXE
C:\USERS\RAUNBAK\DROPBOX\MOLECULARDYNAMICS\MOLECULARDYNAMICS\DEBUG\MOLECULARDYNAMICS.ILK
C:\USERS\RAUNBAK\DROPBOX\MOLECULARDYNAMICS\MOLECULARDYNAMICS\DEBUG\MOLECULARDYNAMICS.PDB
C:\Users\Raunbak\Dropbox\MolecularDynamics\MolecularDynamics\MolecularDynamics\Debug\cl.command.1.tlog
C:\Users\Raunbak\Dropbox\MolecularDynamics\MolecularDynamics\MolecularDynamics\Debug\CL.read.1.tlog
C:\Users\Raunbak\Dropbox\MolecularDynamics\MolecularDynamics\MolecularDynamics\Debug\CL.write.1.tlog
C:\Users\Raunbak\Dropbox\MolecularDynamics\MolecularDynamics\MolecularDynamics\Debug\cuSource.cu.cache
C:\Users\Raunbak\Dropbox\MolecularDynamics\MolecularDynamics\MolecularDynamics\Debug\cuSource.cu.obj
C:\USERS\RAUNBAK\DROPBOX\MOLECULARDYNAMICS\MOLECULARDYNAMICS\MOLECULARDYNAMICS\DEBUG\ENSEMBLE.OBJ
C:\USERS\RAUNBAK\DROPBOX\MOLECULARDYNAMICS\MOLECULARDYNAMICS\MOLECULARDYNAMICS\DEBUG\FASTENSEMBLE.OBJ
C:\USERS\RAUNBAK\DROPBOX\MOLECULARDYNAMICS\MOLECULARDYNAMICS\MOLECULARDYNAMICS\DEBUG\FASTION.OBJ
C:\USERS\RAUNBAK\DROPBOX\MOLECULARDYNAMICS\MOLECULARDYNAMICS\MOLECULARDYNAMICS\DEBUG\FORCES.OBJ
C:\USERS\RAUNBAK\DROPBOX\MOLECULARDYNAMICS\MOLECULARDYNAMICS\MOLECULARDYNAMICS\DEBUG\INTEGRATOR.OBJ
C:\USERS\RAUNBAK\DROPBOX\MOLECULARDYNAMICS\MOLECULARDYNAMICS\MOLECULARDYNAMICS\DEBUG\ION.OBJ
C:\Users\Raunbak\Dropbox\MolecularDynamics\MolecularDynamics\MolecularDynamics\Debug\link.4468.read.1.tlog
C:\Users\Raunbak\Dropbox\MolecularDynamics\MolecularDynamics\MolecularDynamics\Debug\link.4468.write.1.tlog
C:\Users\Raunbak\Dropbox\MolecularDynamics\MolecularDynamics\MolecularDynamics\Debug\link.4468-cvtres.read.1.tlog
C:\Users\Raunbak\Dropbox\MolecularDynamics\MolecularDynamics\MolecularDynamics\Debug\link.4468-cvtres.write.1.tlog
C:\Users\Raunbak\Dropbox\MolecularDynamics\MolecularDynamics\MolecularDynamics\Debug\link.command.1.tlog
C:\Users\Raunbak\Dropbox\MolecularDynamics\MolecularDynamics\MolecularDynamics\Debug\link.read.1.tlog
C:\Users\Raunbak\Dropbox\MolecularDynamics\MolecularDynamics\MolecularDynamics\Debug\link.write.1.tlog
C:\Users\Raunbak\Dropbox\MolecularDynamics\MolecularDynamics\MolecularDynamics\Debug\link-cvtres.read.1.tlog
C:\Users\Raunbak\Dropbox\MolecularDynamics\MolecularDynamics\MolecularDynamics\Debug\link-cvtres.write.1.tlog
C:\USERS\RAUNBAK\DROPBOX\MOLECULARDYNAMICS\MOLECULARDYNAMICS\MOLECULARDYNAMICS\DEBUG\MOLECULARDYNAMICS.EXE.EMBED.MANIFEST
C:\USERS\RAUNBAK\DROPBOX\MOLECULARDYNAMICS\MOLECULARDYNAMICS\MOLECULARDYNAMICS\DEBUG\MOLECULARDYNAMICS.EXE.EMBED.MANIFEST.RES
C:\USERS\RAUNBAK\DROPBOX\MOLECULARDYNAMICS\MOLECULARDYNAMICS\MOLECULARDYNAMICS\DEBUG\MOLECULARDYNAMICS.EXE.INTERMEDIATE.MANIFEST
C:\USERS\RAUNBAK\DROPBOX\MOLECULARDYNAMICS\MOLECULARDYNAMICS\MOLECULARDYNAMICS\DEBUG\MOLECULARDYNAMICS.OBJ
C:\USERS\RAUNBAK\DROPBOX\MOLECULARDYNAMICS\MOLECULARDYNAMICS\MOLECULARDYNAMICS\DEBUG\MOLECULARDYNAMICS.PCH
C:\Users\Raunbak\Dropbox\MolecularDynamics\MolecularDynamics\MolecularDynamics\Debug\MolecularDynamics_manifest.rc
C:\Users\Raunbak\Dropbox\MolecularDynamics\MolecularDynamics\MolecularDynamics\Debug\mt.command.1.tlog
C:\Users\Raunbak\Dropbox\MolecularDynamics\MolecularDynamics\MolecularDynamics\Debug\mt.read.1.tlog
C:\Users\Raunbak\Dropbox\MolecularDynamics\MolecularDynamics\MolecularDynamics\Debug\mt.write.1.tlog
C:\Users\Raunbak\Dropbox\MolecularDynamics\MolecularDynamics\MolecularDynamics\Debug\rc.command.1.tlog
C:\Users\Raunbak\Dropbox\MolecularDynamics\MolecularDynamics\MolecularDynamics\Debug\rc.read.1.tlog
C:\Users\Raunbak\Dropbox\MolecularDynamics\MolecularDynamics\MolecularDynamics\Debug\rc.write.1.tlog
C:\USERS\RAUNBAK\DROPBOX\MOLECULARDYNAMICS\MOLECULARDYNAMICS\MOLECULARDYNAMICS\DEBUG\STDAFX.OBJ
C:\Users\Raunbak\Dropbox\MolecularDynamics\MolecularDynamics\MolecularDynamics\Debug\vc100.idb
C:\USERS\RAUNBAK\DROPBOX\MOLECULARDYNAMICS\MOLECULARDYNAMICS\MOLECULARDYNAMICS\DEBUG\VC100.PDB
