C:\USERS\RAUNBAK\DROPBOX\BACHELOR\MULTIPLEIONMD\MOLECULARDYNAMICS\DEBUG\MULTIPLEIONMD.EXE
C:\USERS\RAUNBAK\DROPBOX\BACHELOR\MULTIPLEIONMD\MOLECULARDYNAMICS\DEBUG\MULTIPLEIONMD.ILK
C:\USERS\RAUNBAK\DROPBOX\BACHELOR\MULTIPLEIONMD\MOLECULARDYNAMICS\DEBUG\MULTIPLEIONMD.PDB
C:\Users\raunbak\Dropbox\BACHELOR\MultipleIonMD\MolecularDynamics\MolecularDynamics\Debug\cl.command.1.tlog
C:\Users\raunbak\Dropbox\BACHELOR\MultipleIonMD\MolecularDynamics\MolecularDynamics\Debug\CL.read.1.tlog
C:\Users\raunbak\Dropbox\BACHELOR\MultipleIonMD\MolecularDynamics\MolecularDynamics\Debug\CL.write.1.tlog
C:\Users\raunbak\Dropbox\BACHELOR\MultipleIonMD\MolecularDynamics\MolecularDynamics\Debug\cuSource.cu.cache
C:\Users\raunbak\Dropbox\BACHELOR\MultipleIonMD\MolecularDynamics\MolecularDynamics\Debug\cuSource.cu.obj
C:\USERS\RAUNBAK\DROPBOX\BACHELOR\MULTIPLEIONMD\MOLECULARDYNAMICS\MOLECULARDYNAMICS\DEBUG\ENSEMBLE.OBJ
C:\USERS\RAUNBAK\DROPBOX\BACHELOR\MULTIPLEIONMD\MOLECULARDYNAMICS\MOLECULARDYNAMICS\DEBUG\FASTENSEMBLE.OBJ
C:\USERS\RAUNBAK\DROPBOX\BACHELOR\MULTIPLEIONMD\MOLECULARDYNAMICS\MOLECULARDYNAMICS\DEBUG\FASTION.OBJ
C:\USERS\RAUNBAK\DROPBOX\BACHELOR\MULTIPLEIONMD\MOLECULARDYNAMICS\MOLECULARDYNAMICS\DEBUG\FORCES.OBJ
C:\USERS\RAUNBAK\DROPBOX\BACHELOR\MULTIPLEIONMD\MOLECULARDYNAMICS\MOLECULARDYNAMICS\DEBUG\INTEGRATOR.OBJ
C:\USERS\RAUNBAK\DROPBOX\BACHELOR\MULTIPLEIONMD\MOLECULARDYNAMICS\MOLECULARDYNAMICS\DEBUG\ION.OBJ
C:\Users\raunbak\Dropbox\BACHELOR\MultipleIonMD\MolecularDynamics\MolecularDynamics\Debug\link.4376.read.1.tlog
C:\Users\raunbak\Dropbox\BACHELOR\MultipleIonMD\MolecularDynamics\MolecularDynamics\Debug\link.4376.write.1.tlog
C:\Users\raunbak\Dropbox\BACHELOR\MultipleIonMD\MolecularDynamics\MolecularDynamics\Debug\link.4376-cvtres.read.1.tlog
C:\Users\raunbak\Dropbox\BACHELOR\MultipleIonMD\MolecularDynamics\MolecularDynamics\Debug\link.4376-cvtres.write.1.tlog
C:\Users\raunbak\Dropbox\BACHELOR\MultipleIonMD\MolecularDynamics\MolecularDynamics\Debug\link.command.1.tlog
C:\Users\raunbak\Dropbox\BACHELOR\MultipleIonMD\MolecularDynamics\MolecularDynamics\Debug\link.read.1.tlog
C:\Users\raunbak\Dropbox\BACHELOR\MultipleIonMD\MolecularDynamics\MolecularDynamics\Debug\link.write.1.tlog
C:\Users\raunbak\Dropbox\BACHELOR\MultipleIonMD\MolecularDynamics\MolecularDynamics\Debug\link-cvtres.read.1.tlog
C:\Users\raunbak\Dropbox\BACHELOR\MultipleIonMD\MolecularDynamics\MolecularDynamics\Debug\link-cvtres.write.1.tlog
C:\USERS\RAUNBAK\DROPBOX\BACHELOR\MULTIPLEIONMD\MOLECULARDYNAMICS\MOLECULARDYNAMICS\DEBUG\MAIN.OBJ
C:\Users\raunbak\Dropbox\BACHELOR\MultipleIonMD\MolecularDynamics\MolecularDynamics\Debug\mt.command.1.tlog
C:\Users\raunbak\Dropbox\BACHELOR\MultipleIonMD\MolecularDynamics\MolecularDynamics\Debug\mt.read.1.tlog
C:\Users\raunbak\Dropbox\BACHELOR\MultipleIonMD\MolecularDynamics\MolecularDynamics\Debug\mt.write.1.tlog
C:\USERS\RAUNBAK\DROPBOX\BACHELOR\MULTIPLEIONMD\MOLECULARDYNAMICS\MOLECULARDYNAMICS\DEBUG\MULTIPLEIONMD.EXE.EMBED.MANIFEST
C:\USERS\RAUNBAK\DROPBOX\BACHELOR\MULTIPLEIONMD\MOLECULARDYNAMICS\MOLECULARDYNAMICS\DEBUG\MULTIPLEIONMD.EXE.EMBED.MANIFEST.RES
C:\USERS\RAUNBAK\DROPBOX\BACHELOR\MULTIPLEIONMD\MOLECULARDYNAMICS\MOLECULARDYNAMICS\DEBUG\MULTIPLEIONMD.EXE.INTERMEDIATE.MANIFEST
C:\USERS\RAUNBAK\DROPBOX\BACHELOR\MULTIPLEIONMD\MOLECULARDYNAMICS\MOLECULARDYNAMICS\DEBUG\MULTIPLEIONMD.PCH
C:\Users\raunbak\Dropbox\BACHELOR\MultipleIonMD\MolecularDynamics\MolecularDynamics\Debug\MultipleIonMD_manifest.rc
C:\Users\raunbak\Dropbox\BACHELOR\MultipleIonMD\MolecularDynamics\MolecularDynamics\Debug\rc.command.1.tlog
C:\Users\raunbak\Dropbox\BACHELOR\MultipleIonMD\MolecularDynamics\MolecularDynamics\Debug\rc.read.1.tlog
C:\Users\raunbak\Dropbox\BACHELOR\MultipleIonMD\MolecularDynamics\MolecularDynamics\Debug\rc.write.1.tlog
C:\USERS\RAUNBAK\DROPBOX\BACHELOR\MULTIPLEIONMD\MOLECULARDYNAMICS\MOLECULARDYNAMICS\DEBUG\STDAFX.OBJ
C:\Users\raunbak\Dropbox\BACHELOR\MultipleIonMD\MolecularDynamics\MolecularDynamics\Debug\vc100.idb
C:\USERS\RAUNBAK\DROPBOX\BACHELOR\MULTIPLEIONMD\MOLECULARDYNAMICS\MOLECULARDYNAMICS\DEBUG\VC100.PDB
